{"logLevel":"debug","message":"multithreading is set to false"}
{"logLevel":"debug","message":"Using reflection to scan dependencies for gauge implementations..."}
SLF4J: A number (19) of logging calls during the initialization phase have been intercepted and are
SLF4J: now being replayed. These are subject to the filtering rules of the underlying logging system.
SLF4J: See also http://www.slf4j.org/codes.html#replay
{"logLevel":"debug","message":"gauge-java took 553milliseconds to load and scan. This should be less than 'runner_connection_timeout' config value."}
{"logLevel":"debug","message":"run 'gauge config runner_connection_timeout' and verify that it is < 553"}
{"logLevel":"debug","message":"starting gRPC server..."}
{"logLevel":"debug","message":"started gRPC server on port 59745"}
{"logLevel":"info","message":"Listening on port:59745"}
2023-03-22 22:11:28 INFO  Reflections:219 scan - Reflections took 2036 ms to scan 90 urls, producing 10980 keys and 62427 values
{"logLevel":"debug","message":"Scanning packages for steps"}
{"logLevel":"debug","message":"Comparing 'com.mikro.step.BaseSteps.checkURLContainsRepeat' and 'com.mikro.step.BaseSteps.checkURLContainsRepeat'"}
{"logLevel":"debug","message":"Found Check if current URL contains the value {} in current project scope."}
{"logLevel":"debug","message":"Comparing 'com.mikro.step.BaseSteps.checkURLContainsRepeat' and 'com.mikro.step.BaseSteps.checkURLContainsRepeat'"}
{"logLevel":"debug","message":"Found Şuanki URL {} değerini içeriyor mu kontrol et in current project scope."}
{"logLevel":"debug","message":"Comparing 'com.mikro.step.BaseSteps.checkElementContainsText' and 'com.mikro.step.BaseSteps.checkElementContainsText'"}
{"logLevel":"debug","message":"Found Check if element {} contains text {} in current project scope."}
{"logLevel":"debug","message":"Comparing 'com.mikro.step.BaseSteps.checkElementContainsText' and 'com.mikro.step.BaseSteps.checkElementContainsText'"}
{"logLevel":"debug","message":"Found {} elementi {} değerini içeriyor mu kontrol et in current project scope."}
{"logLevel":"debug","message":"Comparing 'com.mikro.step.BaseSteps.scrollToElementToBeVisible' and 'com.mikro.step.BaseSteps.scrollToElementToBeVisible'"}
{"logLevel":"debug","message":"Found {} Elementine kadar kaydır in current project scope."}
{"logLevel":"debug","message":"Comparing 'com.mikro.step.BaseSteps.scrollToElementToBeVisible' and 'com.mikro.step.BaseSteps.scrollToElementToBeVisible'"}
{"logLevel":"debug","message":"Found Scroll to Element {} in current project scope."}
{"logLevel":"debug","message":"Comparing 'com.mikro.step.BaseSteps.waitByMilliSeconds' and 'com.mikro.step.BaseSteps.waitByMilliSeconds'"}
{"logLevel":"debug","message":"Found Wait {} milliseconds in current project scope."}
{"logLevel":"debug","message":"Comparing 'com.mikro.step.BaseSteps.waitByMilliSeconds' and 'com.mikro.step.BaseSteps.waitByMilliSeconds'"}
{"logLevel":"debug","message":"Found {} milisaniye bekle in current project scope."}
{"logLevel":"debug","message":"Comparing 'com.mikro.step.BaseSteps.sendKeyToElementENTER' and 'com.mikro.step.BaseSteps.sendKeyToElementENTER'"}
{"logLevel":"debug","message":"Found Send ENTER key to element {} in current project scope."}
{"logLevel":"debug","message":"Comparing 'com.mikro.step.BaseSteps.sendKeyToElementENTER' and 'com.mikro.step.BaseSteps.sendKeyToElementENTER'"}
{"logLevel":"debug","message":"Found Elemente ENTER keyi yolla {} in current project scope."}
{"logLevel":"debug","message":"Comparing 'com.mikro.step.BaseSteps.clickElement' and 'com.mikro.step.BaseSteps.clickElement'"}
{"logLevel":"debug","message":"Found Click to element {} in current project scope."}
{"logLevel":"debug","message":"Comparing 'com.mikro.step.BaseSteps.clickElement' and 'com.mikro.step.BaseSteps.clickElement'"}
{"logLevel":"debug","message":"Found Elementine tıkla {} in current project scope."}
{"logLevel":"debug","message":"Comparing 'com.mikro.step.BaseSteps.waitBySeconds' and 'com.mikro.step.BaseSteps.waitBySeconds'"}
{"logLevel":"debug","message":"Found Wait {} seconds in current project scope."}
{"logLevel":"debug","message":"Comparing 'com.mikro.step.BaseSteps.waitBySeconds' and 'com.mikro.step.BaseSteps.waitBySeconds'"}
{"logLevel":"debug","message":"Found {} saniye bekle in current project scope."}
{"logLevel":"debug","message":"Comparing 'com.mikro.step.BaseSteps.checkElementNotContainsText' and 'com.mikro.step.BaseSteps.checkElementNotContainsText'"}
{"logLevel":"debug","message":"Found Check if element {} not contains text {} in current project scope."}
{"logLevel":"debug","message":"Comparing 'com.mikro.step.BaseSteps.checkElementNotContainsText' and 'com.mikro.step.BaseSteps.checkElementNotContainsText'"}
{"logLevel":"debug","message":"Found {} elementi {} değerini içermiyor mu kontrol et in current project scope."}
{"logLevel":"debug","message":"Comparing 'com.mikro.step.BaseSteps.checkElementAttributeWithJs' and 'com.mikro.step.BaseSteps.checkElementAttributeWithJs'"}
{"logLevel":"debug","message":"Found {} elementinin value degeri {} degerini iceriyor mu kontrol et in current project scope."}
{"logLevel":"debug","message":"Comparing 'com.mikro.step.BaseSteps.ssendKeys' and 'com.mikro.step.BaseSteps.ssendKeys'"}
{"logLevel":"debug","message":"Found Write value {} to element {} in current project scope."}
{"logLevel":"debug","message":"Comparing 'com.mikro.step.BaseSteps.ssendKeys' and 'com.mikro.step.BaseSteps.ssendKeys'"}
{"logLevel":"debug","message":"Found {} textini {} elementine yaz in current project scope."}
{"logLevel":"debug","message":"Comparing 'com.mikro.step.BaseSteps.getElementWithKeyIfExistsWithMessage' and 'com.mikro.step.BaseSteps.getElementWithKeyIfExistsWithMessage'"}
{"logLevel":"debug","message":"Found Check if element {} exists else print message {} in current project scope."}
{"logLevel":"debug","message":"Comparing 'com.mikro.step.BaseSteps.getElementWithKeyIfExistsWithMessage' and 'com.mikro.step.BaseSteps.getElementWithKeyIfExistsWithMessage'"}
{"logLevel":"debug","message":"Found Element {} var mı kontrol et yoksa hata mesajı ver {} in current project scope."}
{"logLevel":"debug","message":"Comparing 'com.mikro.step.BaseSteps.getElementWithKeyIfExists' and 'com.mikro.step.BaseSteps.getElementWithKeyIfExists'"}
{"logLevel":"debug","message":"Found Check if element {} exists in current project scope."}
{"logLevel":"debug","message":"Comparing 'com.mikro.step.BaseSteps.getElementWithKeyIfExists' and 'com.mikro.step.BaseSteps.getElementWithKeyIfExists'"}
{"logLevel":"debug","message":"Found Element var mı kontrol et {} in current project scope."}
{"logLevel":"debug","message":"Comparing 'com.mikro.step.BaseSteps.goToUrl' and 'com.mikro.step.BaseSteps.goToUrl'"}
{"logLevel":"debug","message":"Found Go to {} address in current project scope."}
{"logLevel":"debug","message":"Comparing 'com.mikro.step.BaseSteps.goToUrl' and 'com.mikro.step.BaseSteps.goToUrl'"}
{"logLevel":"debug","message":"Found {} adresine git in current project scope."}
{"logLevel":"debug","message":"Comparing 'com.mikro.step.BaseSteps.checkElementExistsThenClick' and 'com.mikro.step.BaseSteps.checkElementExistsThenClick'"}
{"logLevel":"debug","message":"Found Wait for element then click {} in current project scope."}
{"logLevel":"debug","message":"Comparing 'com.mikro.step.BaseSteps.checkElementExistsThenClick' and 'com.mikro.step.BaseSteps.checkElementExistsThenClick'"}
{"logLevel":"debug","message":"Found Elementi bekle ve sonra tıkla {} in current project scope."}
{"logLevel":"debug","message":"Scanning packages for hooks"}
{"logLevel":"debug","message":"Scanned steps (using static parsing + reflections): "}
{"logLevel":"debug","message":"\tWait {} milliseconds : public void waitByMilliSeconds(long milliseconds)"}
{"logLevel":"debug","message":"\t{} adresine git : public void goToUrl(String url)"}
{"logLevel":"debug","message":"\t{} milisaniye bekle : public void waitByMilliSeconds(long milliseconds)"}
{"logLevel":"debug","message":"\tElement {} var mı kontrol et yoksa hata mesajı ver {} : public void getElementWithKeyIfExistsWithMessage(String key, String message)"}
{"logLevel":"debug","message":"\t{} elementi {} değerini içeriyor mu kontrol et : public void checkElementContainsText(String key, String expectedText)"}
{"logLevel":"debug","message":"\tCheck if element {} exists else print message {} : public void getElementWithKeyIfExistsWithMessage(String key, String message)"}
{"logLevel":"debug","message":"\tElement var mı kontrol et {} : public WebElement getElementWithKeyIfExists(String key)"}
{"logLevel":"debug","message":"\tSend ENTER key to element {} : public void sendKeyToElementENTER(String key)"}
{"logLevel":"debug","message":"\t{} saniye bekle : public void waitBySeconds(int seconds)"}
{"logLevel":"debug","message":"\tWait for element then click {} : public void checkElementExistsThenClick(String key)"}
{"logLevel":"debug","message":"\tScroll to Element {} : public WebElement scrollToElementToBeVisible(String key)"}
{"logLevel":"debug","message":"\tŞuanki URL {} değerini içeriyor mu kontrol et : public void checkURLContainsRepeat(String expectedURL)"}
{"logLevel":"debug","message":"\tCheck if element {} not contains text {} : public void checkElementNotContainsText(String key, String expectedText)"}
{"logLevel":"debug","message":"\tGo to {} address : public void goToUrl(String url)"}
{"logLevel":"debug","message":"\tWait {} seconds : public void waitBySeconds(int seconds)"}
{"logLevel":"debug","message":"\tCheck if element {} exists : public WebElement getElementWithKeyIfExists(String key)"}
{"logLevel":"debug","message":"\tWrite value {} to element {} : public void ssendKeys(String text, String key)"}
{"logLevel":"debug","message":"\tCheck if current URL contains the value {} : public void checkURLContainsRepeat(String expectedURL)"}
{"logLevel":"debug","message":"\tCheck if element {} contains text {} : public void checkElementContainsText(String key, String expectedText)"}
{"logLevel":"debug","message":"\tElemente ENTER keyi yolla {} : public void sendKeyToElementENTER(String key)"}
{"logLevel":"debug","message":"\tClick to element {} : public void clickElement(String key)"}
{"logLevel":"debug","message":"\tElementi bekle ve sonra tıkla {} : public void checkElementExistsThenClick(String key)"}
{"logLevel":"debug","message":"\t{} elementinin value degeri {} degerini iceriyor mu kontrol et : public void checkElementAttributeWithJs(String key, String expectedValue)"}
{"logLevel":"debug","message":"\t{} Elementine kadar kaydır : public WebElement scrollToElementToBeVisible(String key)"}
{"logLevel":"debug","message":"\t{} elementi {} değerini içermiyor mu kontrol et : public void checkElementNotContainsText(String key, String expectedText)"}
{"logLevel":"debug","message":"\t{} textini {} elementine yaz : public void ssendKeys(String text, String key)"}
{"logLevel":"debug","message":"\tElementine tıkla {} : public void clickElement(String key)"}
2023-03-22 22:11:30 INFO  Reflections:219 scan - Reflections took 992 ms to scan 90 urls, producing 10886 keys and 51695 values
2023-03-22 22:11:30 INFO  BaseTest:61 setUp - ************************************  BeforeScenario  ************************************
2023-03-22 22:11:30 INFO  BaseTest:64 setUp - Local cihazda mac ortaminda chrome browserinda test ayaga kalkacak
Mar 22, 2023 10:11:30 PM org.openqa.selenium.remote.DesiredCapabilities chrome
INFO: Using `new ChromeOptions()` is preferred to `DesiredCapabilities.chrome()`
Starting ChromeDriver 111.0.5563.64 (c710e93d5b63b7095afe8c2c17df34408078439d-refs/branch-heads/5563@{#995}) on port 34998
Only local connections are allowed.
Please see https://chromedriver.chromium.org/security-considerations for suggestions on keeping ChromeDriver safe.
ChromeDriver was started successfully.
Mar 22, 2023 10:11:31 PM org.openqa.selenium.remote.ProtocolHandshake createSession
INFO: Detected dialect: W3C
2023-03-22 22:11:32 INFO  BaseTest:70 setUp - http://testips.ford.com.tr/ adresi aciliyor!
{"logLevel":"debug","message":"Executing '{} adresine git' using 'class com.mikro.step.BaseSteps.goToUrl"}
2023-03-22 22:11:38 INFO  BaseSteps:88 goToUrl - https://www.n11.com/ adresine gidiliyor.
{"logLevel":"debug","message":"Executing 'Element {} var mı kontrol et yoksa hata mesajı ver {}' using 'class com.mikro.step.BaseSteps.getElementWithKeyIfExistsWithMessage"}
2023-03-22 22:11:38 INFO  BaseSteps:141 getElementWithKeyIfExistsWithMessage - n11Header elementi bulundu.
{"logLevel":"debug","message":"Executing 'Element var mı kontrol et {}' using 'class com.mikro.step.BaseSteps.getElementWithKeyIfExists"}
2023-03-22 22:11:38 INFO  BaseSteps:121 getElementWithKeyIfExists - urunAramaAlani elementi bulundu.
{"logLevel":"debug","message":"Executing '{} textini {} elementine yaz' using 'class com.mikro.step.BaseSteps.ssendKeys"}
2023-03-22 22:11:38 INFO  BaseSteps:180 ssendKeys - urunAramaAlani elementine iphone texti yazıldı.
{"logLevel":"debug","message":"Executing 'Element var mı kontrol et {}' using 'class com.mikro.step.BaseSteps.getElementWithKeyIfExists"}
2023-03-22 22:11:38 INFO  BaseSteps:121 getElementWithKeyIfExists - urunAraButton elementi bulundu.
{"logLevel":"debug","message":"Executing 'Elementi bekle ve sonra tıkla {}' using 'class com.mikro.step.BaseSteps.checkElementExistsThenClick"}
2023-03-22 22:11:38 INFO  BaseSteps:121 getElementWithKeyIfExists - urunAraButton elementi bulundu.
2023-03-22 22:11:38 INFO  BaseSteps:156 clickElement - urunAraButton elementine tıklandı.
2023-03-22 22:11:38 INFO  BaseSteps:165 checkElementExistsThenClick - urunAraButton elementine tıklandı.
{"logLevel":"debug","message":"Executing 'Element var mı kontrol et {}' using 'class com.mikro.step.BaseSteps.getElementWithKeyIfExists"}
2023-03-22 22:11:40 INFO  BaseSteps:121 getElementWithKeyIfExists - sonucFiltrelemeAlani elementi bulundu.
{"logLevel":"debug","message":"Executing '{} elementi {} değerini içeriyor mu kontrol et' using 'class com.mikro.step.BaseSteps.checkElementContainsText"}
2023-03-22 22:11:40 INFO  BaseSteps:208 checkElementContainsText - Beklenen text: ıphone
2023-03-22 22:11:40 INFO  BaseSteps:209 checkElementContainsText - Gerçek text: false
{"logLevel":"debug","message":"Killing Java runner..."}
{"logLevel":"debug","message":"Stopping execution pool..."}
{"logLevel":"debug","message":"Shutting down grpc server..."}
{"logLevel":"debug","message":"Runner killed gracefully."}
